<?xml version="1.0" encoding="UTF-8"?>
<testsuite xmlns:xsi="http://www.w3.org/2001/XMLSchema-instance" xsi:noNamespaceSchemaLocation="https://maven.apache.org/surefire/maven-surefire-plugin/xsd/surefire-test-report-3.0.xsd" version="3.0" name="com.example.mandate_backend.MandateBackendApplicationTests" time="8.519" tests="1" errors="0" skipped="0" failures="0">
  <properties>
[...]
</properties>
  <testcase name="contextLoads" classname="com.example.mandate_backend.MandateBackendApplicationTests" time="0.476">
    <system-out><![CDATA[12:02:40.156 [main] INFO org.springframework.test.context.support.AnnotationConfigContextLoaderUtils -- Could not detect default configuration classes for test class [com.example.mandate_backend.MandateBackendApplicationTests]: MandateBackendApplicationTests does not declare any static, non-private, non-final, nested classes annotated with @Configuration.
12:02:40.256 [main] INFO org.springframework.boot.test.context.SpringBootTestContextBootstrapper -- Found @SpringBootConfiguration com.example.mandate_backend.MandateBackendApplication for test class com.example.mandate_backend.MandateBackendApplicationTests
12:02:40.390 [main] INFO org.springframework.boot.devtools.restart.RestartApplicationListener -- Restart disabled due to context in which it is running

 ____                                 _         ____  _       _    __                      
/ ___| __ _ _ __ ___  _   _ _ __   __| | __ _  |  _ \| | __ _| |_ / _| ___  _ __ _ __ ___  
| |   / _` | '_ ` _ \| | | | '_ \ / _` |/ _` | | |_) | |/ _` | __| |_ / _ \| '__| '_ ` _ \ 
| |__| (_| | | | | | | |_| | | | | (_| | (_| | |  __/| | (_| | |_|  _| (_) | |  | | | | | |
\____/\__,_|_| |_| |_|\__,_|_| |_|\__,_|\__,_| |_|   |_|\__,_|\__|_|  \___/|_|  |_| |_| |_|

  Spring-Boot:  (v3.3.7)
  Camunda Platform: (v7.22.0)
  Camunda Platform Spring Boot Starter: (v7.22.0)

2024-12-30T12:02:40.563+04:00  INFO 33677 --- [mandate-backend] [           main] c.e.m.MandateBackendApplicationTests     : Starting MandateBackendApplicationTests using Java 17.0.13 with PID 33677 (started by astregis in /Users/astregis/Documents/mandate-domain/mandate-backend)
2024-12-30T12:02:40.564+04:00  INFO 33677 --- [mandate-backend] [           main] c.e.m.MandateBackendApplicationTests     : No active profile set, falling back to 1 default profile: "default"
2024-12-30T12:02:41.280+04:00  INFO 33677 --- [mandate-backend] [           main] .s.d.r.c.RepositoryConfigurationDelegate : Bootstrapping Spring Data JPA repositories in DEFAULT mode.
2024-12-30T12:02:41.332+04:00  INFO 33677 --- [mandate-backend] [           main] .s.d.r.c.RepositoryConfigurationDelegate : Finished Spring Data repository scanning in 45 ms. Found 4 JPA repository interfaces.
2024-12-30T12:02:41.895+04:00  INFO 33677 --- [mandate-backend] [           main] com.zaxxer.hikari.HikariDataSource       : HikariPool-1 - Starting...
2024-12-30T12:02:42.037+04:00  INFO 33677 --- [mandate-backend] [           main] com.zaxxer.hikari.pool.HikariPool        : HikariPool-1 - Added connection conn0: url=jdbc:h2:mem:testdb user=SA
2024-12-30T12:02:42.038+04:00  INFO 33677 --- [mandate-backend] [           main] com.zaxxer.hikari.HikariDataSource       : HikariPool-1 - Start completed.
2024-12-30T12:02:42.125+04:00  INFO 33677 --- [mandate-backend] [           main] o.hibernate.jpa.internal.util.LogHelper  : HHH000204: Processing PersistenceUnitInfo [name: default]
2024-12-30T12:02:42.166+04:00  INFO 33677 --- [mandate-backend] [           main] org.hibernate.Version                    : HHH000412: Hibernate ORM core version 6.5.3.Final
2024-12-30T12:02:42.193+04:00  INFO 33677 --- [mandate-backend] [           main] o.h.c.internal.RegionFactoryInitiator    : HHH000026: Second-level cache disabled
2024-12-30T12:02:42.419+04:00  INFO 33677 --- [mandate-backend] [           main] o.s.o.j.p.SpringPersistenceUnitInfo      : No LoadTimeWeaver setup: ignoring JPA class transformer
2024-12-30T12:02:43.220+04:00  INFO 33677 --- [mandate-backend] [           main] o.h.e.t.j.p.i.JtaPlatformInitiator       : HHH000489: No JTA platform available (set 'hibernate.transaction.jta.platform' to enable JTA platform integration)
Hibernate: 
    drop table if exists approval_rule cascade 
Hibernate: 
    drop table if exists mandate cascade 
Hibernate: 
    drop table if exists signatories cascade 
Hibernate: 
    drop table if exists transaction cascade 
Hibernate: 
    create table approval_rule (
        required_signatories integer,
        threshold float(53),
        id bigint generated by default as identity,
        mandate_id bigint,
        rule_name varchar(255),
        primary key (id)
    )
Hibernate: 
    create table mandate (
        valid_from date,
        valid_to date,
        id bigint generated by default as identity,
        account_id varchar(255),
        status varchar(255),
        primary key (id)
    )
Hibernate: 
    create table signatories (
        id bigint generated by default as identity,
        mandate_id bigint,
        display_name varchar(255),
        role_name varchar(255),
        user_name varchar(255) not null unique,
        primary key (id)
    )
Hibernate: 
    create table transaction (
        amount float(53),
        created_on timestamp(6),
        id bigint generated by default as identity,
        mandate_id bigint,
        created_by varchar(255),
        currency varchar(255),
        status enum ('APPROVED','EXECUTED','INITIATED','PENDING_APPROVAL','REJECTED'),
        primary key (id)
    )
Hibernate: 
    alter table if exists approval_rule 
       add constraint FK549y3twm64e353mfo1k7iff04 
       foreign key (mandate_id) 
       references mandate
Hibernate: 
    alter table if exists signatories 
       add constraint FKbefpjat1rmqwqqkf9go9b2pgn 
       foreign key (mandate_id) 
       references mandate
Hibernate: 
    alter table if exists transaction 
       add constraint FKhe2f0ebcfd96xf4ltnkl5f8lc 
       foreign key (mandate_id) 
       references mandate
2024-12-30T12:02:43.260+04:00  INFO 33677 --- [mandate-backend] [           main] j.LocalContainerEntityManagerFactoryBean : Initialized JPA EntityManagerFactory for persistence unit 'default'
2024-12-30T12:02:43.623+04:00  INFO 33677 --- [mandate-backend] [           main] org.camunda.bpm.spring.boot              : STARTER-SB040 Setting up jobExecutor with corePoolSize=3, maxPoolSize:10
2024-12-30T12:02:43.724+04:00  INFO 33677 --- [mandate-backend] [           main] org.camunda.bpm.engine.cfg               : ENGINE-12003 Plugin 'CompositeProcessEnginePlugin[genericPropertiesConfiguration, camundaProcessEngineConfiguration, camundaDatasourceConfiguration, camundaJobConfiguration, camundaHistoryConfiguration, camundaMetricsConfiguration, camundaAuthorizationConfiguration, camundaDeploymentConfiguration, failedJobConfiguration, eventPublisherPlugin]' activated on process engine 'default'
2024-12-30T12:02:44.654+04:00  INFO 33677 --- [mandate-backend] [           main] org.camunda.bpm.spring.boot              : STARTER-SB021 Auto-Deploying resources: [file [/Users/astregis/Documents/mandate-domain/mandate-backend/target/classes/approvalProcess.bpmn], file [/Users/astregis/Documents/mandate-domain/mandate-backend/target/classes/approval.bpmn]]
2024-12-30T12:02:44.656+04:00  INFO 33677 --- [mandate-backend] [           main] o.c.b.s.b.s.event.EventPublisherPlugin   : EVENTING-001: Initialized Camunda Spring Boot Eventing Engine Plugin.
2024-12-30T12:02:44.656+04:00  INFO 33677 --- [mandate-backend] [           main] o.c.b.s.b.s.event.EventPublisherPlugin   : EVENTING-003: Task events will be published as Spring Events.
2024-12-30T12:02:44.656+04:00  INFO 33677 --- [mandate-backend] [           main] o.c.b.s.b.s.event.EventPublisherPlugin   : EVENTING-005: Execution events will be published as Spring Events.
2024-12-30T12:02:44.657+04:00  INFO 33677 --- [mandate-backend] [           main] o.c.b.s.b.s.event.EventPublisherPlugin   : EVENTING-009: Listeners will not be invoked if a skipCustomListeners API parameter is set to true by user.
2024-12-30T12:02:44.661+04:00  INFO 33677 --- [mandate-backend] [           main] o.c.b.s.b.s.event.EventPublisherPlugin   : EVENTING-007: History events will be published as Spring events.
2024-12-30T12:02:44.812+04:00  INFO 33677 --- [mandate-backend] [           main] org.camunda.feel.FeelEngine              : Engine created. [value-mapper: CompositeValueMapper(List(org.camunda.feel.impl.JavaValueMapper@6915b614)), function-provider: org.camunda.bpm.dmn.feel.impl.scala.function.CustomFunctionTransformer@6d0d5147, clock: SystemClock, configuration: {externalFunctionsEnabled: false}]
2024-12-30T12:02:46.626+04:00  INFO 33677 --- [mandate-backend] [           main] org.camunda.bpm.engine.persistence       : ENGINE-03016 Performing database operation 'create' on component 'engine' with resource 'org/camunda/bpm/engine/db/create/activiti.h2.create.engine.sql'
2024-12-30T12:02:46.652+04:00  INFO 33677 --- [mandate-backend] [           main] org.camunda.bpm.engine.persistence       : ENGINE-03016 Performing database operation 'create' on component 'history' with resource 'org/camunda/bpm/engine/db/create/activiti.h2.create.history.sql'
2024-12-30T12:02:46.658+04:00  INFO 33677 --- [mandate-backend] [           main] org.camunda.bpm.engine.persistence       : ENGINE-03016 Performing database operation 'create' on component 'identity' with resource 'org/camunda/bpm/engine/db/create/activiti.h2.create.identity.sql'
2024-12-30T12:02:46.666+04:00  INFO 33677 --- [mandate-backend] [           main] org.camunda.bpm.engine.persistence       : ENGINE-03016 Performing database operation 'create' on component 'case.engine' with resource 'org/camunda/bpm/engine/db/create/activiti.h2.create.case.engine.sql'
2024-12-30T12:02:46.669+04:00  INFO 33677 --- [mandate-backend] [           main] org.camunda.bpm.engine.persistence       : ENGINE-03016 Performing database operation 'create' on component 'case.history' with resource 'org/camunda/bpm/engine/db/create/activiti.h2.create.case.history.sql'
2024-12-30T12:02:46.672+04:00  INFO 33677 --- [mandate-backend] [           main] org.camunda.bpm.engine.persistence       : ENGINE-03016 Performing database operation 'create' on component 'decision.engine' with resource 'org/camunda/bpm/engine/db/create/activiti.h2.create.decision.engine.sql'
2024-12-30T12:02:46.677+04:00  INFO 33677 --- [mandate-backend] [           main] org.camunda.bpm.engine.persistence       : ENGINE-03016 Performing database operation 'create' on component 'decision.history' with resource 'org/camunda/bpm/engine/db/create/activiti.h2.create.decision.history.sql'
2024-12-30T12:02:46.699+04:00  INFO 33677 --- [mandate-backend] [           main] org.camunda.bpm.engine.persistence       : ENGINE-03067 No history level property found in database
2024-12-30T12:02:46.701+04:00  INFO 33677 --- [mandate-backend] [           main] org.camunda.bpm.engine.persistence       : ENGINE-03065 Creating historyLevel property in database for level: HistoryLevelFull(name=full, id=3)
2024-12-30T12:02:46.715+04:00  INFO 33677 --- [mandate-backend] [           main] org.camunda.bpm.engine                   : ENGINE-00001 Process Engine default created.
2024-12-30T12:02:46.960+04:00  WARN 33677 --- [mandate-backend] [           main] JpaBaseConfiguration$JpaWebConfiguration : spring.jpa.open-in-view is enabled by default. Therefore, database queries may be performed during view rendering. Explicitly configure spring.jpa.open-in-view to disable this warning
2024-12-30T12:02:47.019+04:00  INFO 33677 --- [mandate-backend] [           main] r$InitializeUserDetailsManagerConfigurer : Global AuthenticationManager configured with UserDetailsService bean with name userDetailsService
2024-12-30T12:02:47.367+04:00  INFO 33677 --- [mandate-backend] [           main] o.s.b.a.e.web.EndpointLinksResolver      : Exposing 1 endpoint beneath base path '/actuator'
2024-12-30T12:02:47.521+04:00  INFO 33677 --- [mandate-backend] [           main] .c.b.s.b.s.r.CamundaJerseyResourceConfig : Configuring camunda rest api.
2024-12-30T12:02:47.540+04:00  INFO 33677 --- [mandate-backend] [           main] .c.b.s.b.s.r.CamundaJerseyResourceConfig : Finished configuring camunda rest api.
2024-12-30T12:02:47.895+04:00  INFO 33677 --- [mandate-backend] [           main] o.s.b.a.h2.H2ConsoleAutoConfiguration    : H2 console available at '/h2-console'. Database available at 'jdbc:h2:mem:testdb'
2024-12-30T12:02:48.018+04:00  INFO 33677 --- [mandate-backend] [           main] c.e.m.MandateBackendApplicationTests     : Started MandateBackendApplicationTests in 7.636 seconds (process running for 8.467)
2024-12-30T12:02:48.057+04:00  INFO 33677 --- [mandate-backend] [           main] org.camunda.bpm.engine.jobexecutor       : ENGINE-14014 Starting up the JobExecutor[org.camunda.bpm.engine.spring.components.jobexecutor.SpringJobExecutor].
2024-12-30T12:02:48.058+04:00  INFO 33677 --- [mandate-backend] [ingJobExecutor]] org.camunda.bpm.engine.jobexecutor       : ENGINE-14018 JobExecutor[org.camunda.bpm.engine.spring.components.jobexecutor.SpringJobExecutor] starting to acquire jobs
]]></system-out>
  </testcase>
</testsuite>